<?xml version="1.0" encoding="UTF-8"?>
<!-- Generated by org.testng.reporters.JUnitXMLReporter -->
<testsuite hostname="DESKTOP-EH2F7BB" ignored="0" name="Default test" tests="3" failures="0" timestamp="04 Dec 2020 08:33:37 GMT" time="71.741" errors="0">
  <testcase name="createNewProject" time="36.82" classname="autotest.suites.steps.project.ProjectTest"/>
  <testcase name="createTask" time="17.609" classname="autotest.suites.steps.project.ProjectTest"/>
  <testcase name="ReopenTask" time="17.239" classname="autotest.suites.steps.project.ProjectTest"/>
</testsuite> <!-- Default test -->
