<?xml version="1.0" encoding="UTF-8"?>
<!-- Generated by org.testng.reporters.JUnitXMLReporter -->
<testsuite hostname="DESKTOP-EH2F7BB" ignored="0" name="Default test" tests="3" failures="0" timestamp="03 Dec 2020 10:54:06 GMT" time="67.457" errors="0">
  <testcase name="createNewProject" time="37.159" classname="autotest.suites.steps.project.ProjectTest"/>
  <testcase name="createTask" time="16.282" classname="autotest.suites.steps.project.ProjectTest"/>
  <testcase name="ReopenTask" time="13.967" classname="autotest.suites.steps.project.ProjectTest"/>
</testsuite> <!-- Default test -->
