<?xml version="1.0" encoding="UTF-8"?>
<!-- Generated by org.testng.reporters.JUnitXMLReporter -->
<testsuite hostname="DESKTOP-EH2F7BB" ignored="0" name="WebTest" tests="3" failures="1" timestamp="03 Dec 2020 10:46:07 GMT" time="63.862" errors="0">
  <testcase name="createNewProject" time="31.334" classname="autotest.suites.steps.project.ProjectTest"/>
  <testcase name="createTask" time="16.968" classname="autotest.suites.steps.project.ProjectTest"/>
  <testcase name="ReopenTask" time="15.54" classname="autotest.suites.steps.project.ProjectTest">
    <failure type="java.lang.AssertionError" message="Task TaskNameFFRmx not appear in the screen expected [true] but found [false]">
      <![CDATA[java.lang.AssertionError: Task TaskNameFFRmx not appear in the screen expected [true] but found [false]
	at autotest.suites.steps.project.ProjectTest.verifyReopenedTask(ProjectTest.java:166)
	at autotest.suites.steps.project.ProjectTest.ReopenTask(ProjectTest.java:106)
... Removed 37 stack frames]]>
    </failure>
  </testcase> <!-- ReopenTask -->
</testsuite> <!-- WebTest -->
