<?xml version="1.0" encoding="UTF-8"?>
<testsuite name="TestSuite" time="56.657" tests="3" errors="0" skipped="0" failures="1">
  <properties>
[...]
</properties>
  <testcase name="createNewProject" classname="autotest.suites.steps.project.ProjectTest" time="30.333"/>
  <testcase name="createTask" classname="autotest.suites.steps.project.ProjectTest" time="15.911"/>
  <testcase name="ReopenTask" classname="autotest.suites.steps.project.ProjectTest" time="10.413">
    <failure message="An element could not be located on the page using the given search parameters. (WARNING: The server did not provide any stacktrace information)&#10;Command duration or timeout: 0 milliseconds&#10;For documentation on this error, please visit: https://www.seleniumhq.org/exceptions/no_such_element.html&#10;Build info: version: &apos;3.141.59&apos;, revision: &apos;e82be7d358&apos;, time: &apos;2018-11-14T08:17:03&apos;&#10;System info: host: &apos;DESKTOP-EH2F7BB&apos;, ip: &apos;10.2.41.195&apos;, os.name: &apos;Windows 10&apos;, os.arch: &apos;amd64&apos;, os.version: &apos;10.0&apos;, java.version: &apos;1.8.0_271&apos;&#10;Driver info: io.appium.java_client.android.AndroidDriver&#10;Capabilities {appActivity: com.todoist.activity.HomeAc..., appPackage: com.todoist, databaseEnabled: false, desired: {appActivity: com.todoist.activity.HomeAc..., appPackage: com.todoist, deviceName: emulator-5554, platformName: Android}, deviceManufacturer: Google, deviceModel: AOSP on IA Emulator, deviceName: emulator-5554, deviceScreenSize: 1080x2220, deviceUDID: emulator-5554, javascriptEnabled: true, locationContextEnabled: false, networkConnectionEnabled: true, platform: LINUX, platformName: Android, platformVersion: 9, takesScreenshot: true, warnings: {}, webStorageEnabled: false}&#10;Session ID: 3727d69e-402e-498a-9661-e8e79e04f5ab&#10;*** Element info: {Using=id, value=com.todoist:id/text}" type="org.openqa.selenium.NoSuchElementException">org.openqa.selenium.NoSuchElementException: An element could not be located on the page using the given search parameters. (WARNING: The server did not provide any stacktrace information)
Command duration or timeout: 0 milliseconds
For documentation on this error, please visit: https://www.seleniumhq.org/exceptions/no_such_element.html
Build info: version: '3.141.59', revision: 'e82be7d358', time: '2018-11-14T08:17:03'
System info: host: 'DESKTOP-EH2F7BB', ip: '10.2.41.195', os.name: 'Windows 10', os.arch: 'amd64', os.version: '10.0', java.version: '1.8.0_271'
Driver info: io.appium.java_client.android.AndroidDriver
Capabilities {appActivity: com.todoist.activity.HomeAc..., appPackage: com.todoist, databaseEnabled: false, desired: {appActivity: com.todoist.activity.HomeAc..., appPackage: com.todoist, deviceName: emulator-5554, platformName: Android}, deviceManufacturer: Google, deviceModel: AOSP on IA Emulator, deviceName: emulator-5554, deviceScreenSize: 1080x2220, deviceUDID: emulator-5554, javascriptEnabled: true, locationContextEnabled: false, networkConnectionEnabled: true, platform: LINUX, platformName: Android, platformVersion: 9, takesScreenshot: true, warnings: {}, webStorageEnabled: false}
Session ID: 3727d69e-402e-498a-9661-e8e79e04f5ab
*** Element info: {Using=id, value=com.todoist:id/text}
	at sun.reflect.NativeConstructorAccessorImpl.newInstance0(Native Method)
	at sun.reflect.NativeConstructorAccessorImpl.newInstance(NativeConstructorAccessorImpl.java:62)
	at sun.reflect.DelegatingConstructorAccessorImpl.newInstance(DelegatingConstructorAccessorImpl.java:45)
	at java.lang.reflect.Constructor.newInstance(Constructor.java:423)
	at org.openqa.selenium.remote.ErrorHandler.createThrowable(ErrorHandler.java:214)
	at org.openqa.selenium.remote.ErrorHandler.throwIfResponseFailed(ErrorHandler.java:166)
	at org.openqa.selenium.remote.http.JsonHttpResponseCodec.reconstructValue(JsonHttpResponseCodec.java:40)
	at org.openqa.selenium.remote.http.AbstractHttpResponseCodec.decode(AbstractHttpResponseCodec.java:80)
	at org.openqa.selenium.remote.http.AbstractHttpResponseCodec.decode(AbstractHttpResponseCodec.java:44)
	at org.openqa.selenium.remote.HttpCommandExecutor.execute(HttpCommandExecutor.java:158)
	at io.appium.java_client.remote.AppiumCommandExecutor.execute(AppiumCommandExecutor.java:247)
	at org.openqa.selenium.remote.RemoteWebDriver.execute(RemoteWebDriver.java:552)
	at io.appium.java_client.DefaultGenericMobileDriver.execute(DefaultGenericMobileDriver.java:41)
	at io.appium.java_client.AppiumDriver.execute(AppiumDriver.java:1)
	at io.appium.java_client.android.AndroidDriver.execute(AndroidDriver.java:1)
	at org.openqa.selenium.remote.RemoteWebElement.execute(RemoteWebElement.java:285)
	at io.appium.java_client.DefaultGenericMobileElement.execute(DefaultGenericMobileElement.java:45)
	at io.appium.java_client.MobileElement.execute(MobileElement.java:1)
	at io.appium.java_client.android.AndroidElement.execute(AndroidElement.java:1)
	at org.openqa.selenium.remote.RemoteWebElement.findElement(RemoteWebElement.java:185)
	at io.appium.java_client.DefaultGenericMobileElement.findElement(DefaultGenericMobileElement.java:65)
	at io.appium.java_client.MobileElement.findElement(MobileElement.java:1)
	at io.appium.java_client.android.AndroidElement.findElement(AndroidElement.java:1)
	at org.openqa.selenium.remote.RemoteWebElement.findElementById(RemoteWebElement.java:221)
	at io.appium.java_client.DefaultGenericMobileElement.findElementById(DefaultGenericMobileElement.java:73)
	at io.appium.java_client.MobileElement.findElementById(MobileElement.java:1)
	at io.appium.java_client.android.AndroidElement.findElementById(AndroidElement.java:1)
	at autotest.suites.steps.project.ProjectTest.ReopenTask(ProjectTest.java:89)
</failure>
  </testcase>
</testsuite>