<?xml version="1.0" encoding="UTF-8"?>
<testng-results skipped="0" failed="0" ignored="0" total="3" passed="3">
  <reporter-output>
  </reporter-output>
  <suite name="Default suite" duration-ms="71741" started-at="2020-12-04T08:32:25Z" finished-at="2020-12-04T08:33:37Z">
    <groups>
    </groups>
    <test name="Default test" duration-ms="71741" started-at="2020-12-04T08:32:25Z" finished-at="2020-12-04T08:33:37Z">
      <class name="autotest.suites.steps.project.ProjectTest">
        <test-method status="PASS" signature="StartSession()[pri:0, instance:autotest.suites.steps.project.ProjectTest@433d61fb]" name="StartSession" is-config="true" duration-ms="7551" started-at="2020-12-04T15:32:17Z" finished-at="2020-12-04T15:32:25Z">
          <reporter-output>
          </reporter-output>
        </test-method> <!-- StartSession -->
        <test-method status="PASS" signature="createNewProject()[pri:1, instance:autotest.suites.steps.project.ProjectTest@433d61fb]" name="createNewProject" duration-ms="36820" started-at="2020-12-04T15:32:25Z" finished-at="2020-12-04T15:33:02Z">
          <reporter-output>
          </reporter-output>
        </test-method> <!-- createNewProject -->
        <test-method status="PASS" signature="createTask()[pri:2, instance:autotest.suites.steps.project.ProjectTest@433d61fb]" name="createTask" duration-ms="17609" started-at="2020-12-04T15:33:02Z" finished-at="2020-12-04T15:33:19Z">
          <reporter-output>
          </reporter-output>
        </test-method> <!-- createTask -->
        <test-method status="PASS" signature="ReopenTask()[pri:3, instance:autotest.suites.steps.project.ProjectTest@433d61fb]" name="ReopenTask" duration-ms="17239" started-at="2020-12-04T15:33:19Z" finished-at="2020-12-04T15:33:37Z">
          <reporter-output>
          </reporter-output>
        </test-method> <!-- ReopenTask -->
        <test-method status="PASS" signature="Dispose()[pri:0, instance:autotest.suites.steps.project.ProjectTest@433d61fb]" name="Dispose" is-config="true" duration-ms="2404" started-at="2020-12-04T15:33:37Z" finished-at="2020-12-04T15:33:39Z">
          <reporter-output>
          </reporter-output>
        </test-method> <!-- Dispose -->
      </class> <!-- autotest.suites.steps.project.ProjectTest -->
    </test> <!-- Default test -->
  </suite> <!-- Default suite -->
</testng-results>
